<?xml version="1.0" encoding="UTF-8"?>
<!-- Generated by org.testng.reporters.JUnitReportReporter -->
<testsuite hostname="DESKTOP-MCFBCL3" failures="0" tests="10" name="com.saucedemo.tests.CheckoutProcessTest" time="61.778" errors="0" timestamp="2025-09-04T17:23:17 GST" skipped="0">
  <testcase classname="com.saucedemo.tests.CheckoutProcessTest" name="tc010VerifyUserWithBlankFirstName" time="5.878"/>
  <testcase classname="com.saucedemo.tests.CheckoutProcessTest" name="tc020VerifyUserWithBlankLastName" time="5.866"/>
  <testcase classname="com.saucedemo.tests.CheckoutProcessTest" name="tc030VerifyUserWithBlankPostalCodeName" time="5.637"/>
  <testcase classname="com.saucedemo.tests.CheckoutProcessTest" name="tc040VerifyUserWithValidInfo" time="6.029"/>
  <testcase classname="com.saucedemo.tests.CheckoutProcessTest" name="tc050VerifyCancelFromUserInfo" time="5.941"/>
  <testcase classname="com.saucedemo.tests.CheckoutProcessTest" name="tc060VerifyItemAndPriceDetails" time="6.044"/>
  <testcase classname="com.saucedemo.tests.CheckoutProcessTest" name="tc070VerifyCancelFromCheckoutOverview" time="6.009"/>
  <testcase classname="com.saucedemo.tests.CheckoutProcessTest" name="tc080VerifyFinishFromCheckoutOverview" time="6.709"/>
  <testcase classname="com.saucedemo.tests.CheckoutProcessTest" name="tc090VerifyCheckOutMessageFromCheckoutFinishOrder" time="6.893"/>
  <testcase classname="com.saucedemo.tests.CheckoutProcessTest" name="tc100VerifyBackHomeFromCheckoutFinishOrder" time="6.772"/>
</testsuite> <!-- com.saucedemo.tests.CheckoutProcessTest -->
