<?xml version="1.0" encoding="UTF-8"?>
<!-- Generated by org.testng.reporters.JUnitReportReporter -->
<testsuite hostname="DESKTOP-MCFBCL3" failures="0" tests="8" name="com.saucedemo.tests.ProductTest" time="38.612" errors="0" timestamp="2025-09-04T17:23:17 GST" skipped="0">
  <testcase classname="com.saucedemo.tests.ProductTest" name="tc010VerifyCartBadgeUpdates" time="4.671"/>
  <testcase classname="com.saucedemo.tests.ProductTest" name="tc020VerifyRemoveFromProductPage" time="4.905"/>
  <testcase classname="com.saucedemo.tests.ProductTest" name="tc030VerifyProductDetailPage" time="5.090"/>
  <testcase classname="com.saucedemo.tests.ProductTest" name="tc040VerifyBackToProduct" time="5.925"/>
  <testcase classname="com.saucedemo.tests.ProductTest" name="tc050verifySortingByNameAZ" time="4.749"/>
  <testcase classname="com.saucedemo.tests.ProductTest" name="tc060verifySortingByNameZA" time="3.774"/>
  <testcase classname="com.saucedemo.tests.ProductTest" name="tc070verifySortingByPriceLowToHigh" time="4.576"/>
  <testcase classname="com.saucedemo.tests.ProductTest" name="tc080verifySortingByPriceHighToLow" time="4.922"/>
</testsuite> <!-- com.saucedemo.tests.ProductTest -->
