<?xml version="1.0" encoding="UTF-8"?>
<!-- Generated by org.testng.reporters.JUnitReportReporter -->
<testsuite hostname="DESKTOP-MCFBCL3" failures="0" tests="5" name="com.saucedemo.tests.CartTest" time="49.244" errors="0" timestamp="2025-09-04T17:23:17 GST" skipped="0">
  <testcase classname="com.saucedemo.tests.CartTest" name="tc010VerifyCartItems" time="5.755"/>
  <testcase classname="com.saucedemo.tests.CartTest" name="tc020VerifyRemoveCartItem" time="15.850"/>
  <testcase classname="com.saucedemo.tests.CartTest" name="tc030VerifytestCartBadgeUpdatesAfterRemoval" time="16.917"/>
  <testcase classname="com.saucedemo.tests.CartTest" name="tc040VerifyContinueShoppingNavigation" time="5.383"/>
  <testcase classname="com.saucedemo.tests.CartTest" name="tc050VerifyCheckoutNavigation" time="5.339"/>
</testsuite> <!-- com.saucedemo.tests.CartTest -->
