<?xml version="1.0" encoding="UTF-8"?>
<!-- Generated by org.testng.reporters.JUnitReportReporter -->
<testsuite hostname="DESKTOP-MCFBCL3" failures="0" tests="10" name="com.saucedemo.tests.LoginTest" time="51.962" errors="0" timestamp="2025-09-04T17:23:17 GST" skipped="0">
  <testcase classname="com.saucedemo.tests.LoginTest" name="tc010LoginSuiteWithValidCredential" time="4.866"/>
  <testcase classname="com.saucedemo.tests.LoginTest" name="tc020LoginSuiteWithInValidUsername" time="4.490"/>
  <testcase classname="com.saucedemo.tests.LoginTest" name="tc030LoginSuiteWithBlankCredential" time="4.058"/>
  <testcase classname="com.saucedemo.tests.LoginTest" name="tc040LoginSuiteWithBlankUsername" time="4.137"/>
  <testcase classname="com.saucedemo.tests.LoginTest" name="tc050LoginSuiteWithBlankPassword" time="4.515"/>
  <testcase classname="com.saucedemo.tests.LoginTest" name="tc060LoginSuiteWithLockedOutUser" time="6.085"/>
  <testcase classname="com.saucedemo.tests.LoginTest" name="tc070LoginSuiteWithProblemUser" time="4.772"/>
  <testcase classname="com.saucedemo.tests.LoginTest" name="tc080LoginSuiteWithPerformanceGlitchUser" time="9.922"/>
  <testcase classname="com.saucedemo.tests.LoginTest" name="tc090LoginSuiteWithInValidPassword" time="4.265"/>
  <testcase classname="com.saucedemo.tests.LoginTest" name="tc100LoginSuiteWithInValidUsername" time="4.852"/>
</testsuite> <!-- com.saucedemo.tests.LoginTest -->
